<?xml version="1.0" encoding="UTF-8"?>
<testsuite name="com.jikim.junit.MyMathTest" tests="1" skipped="0" failures="0" errors="0" timestamp="2023-06-20T11:14:47" hostname="gimjihun-ui-MacBookAir.local" time="0.013">
  <properties/>
  <testcase name="test()" classname="com.jikim.junit.MyMathTest" time="0.013"/>
  <system-out><![CDATA[6
]]></system-out>
  <system-err><![CDATA[]]></system-err>
</testsuite>
